<?xml version="1.0" encoding="UTF-8"?>
<!-- Generated by org.testng.reporters.JUnitReportReporter -->
<testsuite skipped="0" hostname="CSLH1613" name="testCases.CheckOutCycle" tests="4" failures="0" timestamp="2020-09-30T15:41:46 IST" time="37.179" errors="0">
  <testcase name="selectCycle" time="5.944" classname="testCases.CheckOutCycle"/>
  <system-out/>
  <testcase name="checkOutCycle" time="17.952" classname="testCases.CheckOutCycle"/>
  <system-out/>
  <testcase name="googleDroom" time="5.138" classname="testCases.CheckOutCycle"/>
  <system-out/>
  <testcase name="moveToCycles" time="8.145" classname="testCases.CheckOutCycle"/>
  <system-out/>
</testsuite> <!-- testCases.CheckOutCycle -->
